WARNING: Failed to import nickelpipeline.bin_stats_analysis.analyze_stats_single.
Possible hints:
* AttributeError: module 'nickelpipeline.bin_stats_analysis' has no attribute 'analyze_stats_single'
* FileNotFoundError: [Errno 2] No such file or directory: 'C:\\Users\\allis\\Documents\\2024-2025_Local\\Akamai Internship\\pipeline-testing\\test-data-05-12\\raw\\d1067.fits'
WARNING: Failed to import nickelpipeline.convenience.all_funcs.
Possible hints:
* AttributeError: module 'nickelpipeline.convenience' has no attribute 'all_funcs'
* ModuleNotFoundError: No module named 'nickelpipeline.convenience.all_funcs'
WARNING: Failed to import nickelpipeline.bin_stats_analysis.analyze_stats_single.
Possible hints:
* AttributeError: module 'nickelpipeline.bin_stats_analysis' has no attribute 'analyze_stats_single'
* FileNotFoundError: [Errno 2] No such file or directory: 'C:\\Users\\allis\\Documents\\2024-2025_Local\\Akamai Internship\\pipeline-testing\\test-data-05-12\\raw\\d1067.fits'
WARNING: autodoc: failed to import module 'analyze_stats_single' from module 'nickelpipeline.bin_stats_analysis'; the following exception was raised:
Traceback (most recent call last):
  File "c:\Users\allis\Documents\2024-2025_Local\Akamai_Internship\nickelpipeline\.venv\Lib\site-packages\sphinx\ext\autodoc\importer.py", line 143, in import_module
    return importlib.import_module(modname)
           ^^^^^^^^^^^^^^^^^^^^^^^^^^^^^^^^
  File "C:\Users\allis\AppData\Local\Programs\Python\Python311\Lib\importlib\__init__.py", line 126, in import_module
    return _bootstrap._gcd_import(name[level:], package, level)
           ^^^^^^^^^^^^^^^^^^^^^^^^^^^^^^^^^^^^^^^^^^^^^^^^^^^^
  File "<frozen importlib._bootstrap>", line 1206, in _gcd_import
  File "<frozen importlib._bootstrap>", line 1178, in _find_and_load
  File "<frozen importlib._bootstrap>", line 1149, in _find_and_load_unlocked
  File "<frozen importlib._bootstrap>", line 690, in _load_unlocked
  File "<frozen importlib._bootstrap_external>", line 940, in exec_module
  File "<frozen importlib._bootstrap>", line 241, in _call_with_frames_removed
  File "C:\Users\allis\Documents\2024-2025_Local\Akamai_Internship\nickelpipeline\nickelpipeline\bin_stats_analysis\analyze_stats_single.py", line 195, in <module>
    analyze_fits(image, bin_width=100)
  File "C:\Users\allis\Documents\2024-2025_Local\Akamai_Internship\nickelpipeline\nickelpipeline\bin_stats_analysis\analyze_stats_single.py", line 22, in analyze_fits
    with fits.open(image) as hdu:
         ^^^^^^^^^^^^^^^^
  File "c:\Users\allis\Documents\2024-2025_Local\Akamai_Internship\nickelpipeline\.venv\Lib\site-packages\astropy\io\fits\hdu\hdulist.py", line 222, in fitsopen
    return HDUList.fromfile(
           ^^^^^^^^^^^^^^^^^
  File "c:\Users\allis\Documents\2024-2025_Local\Akamai_Internship\nickelpipeline\.venv\Lib\site-packages\astropy\io\fits\hdu\hdulist.py", line 486, in fromfile
    return cls._readfrom(
           ^^^^^^^^^^^^^^
  File "c:\Users\allis\Documents\2024-2025_Local\Akamai_Internship\nickelpipeline\.venv\Lib\site-packages\astropy\io\fits\hdu\hdulist.py", line 1168, in _readfrom
    fileobj = _File(
              ^^^^^^
  File "c:\Users\allis\Documents\2024-2025_Local\Akamai_Internship\nickelpipeline\.venv\Lib\site-packages\astropy\io\fits\file.py", line 218, in __init__
    self._open_filename(fileobj, mode, overwrite)
  File "c:\Users\allis\Documents\2024-2025_Local\Akamai_Internship\nickelpipeline\.venv\Lib\site-packages\astropy\io\fits\file.py", line 651, in _open_filename
    self._file = open(self.name, IO_FITS_MODES[mode])
                 ^^^^^^^^^^^^^^^^^^^^^^^^^^^^^^^^^^^^
FileNotFoundError: [Errno 2] No such file or directory: 'C:\\Users\\allis\\Documents\\2024-2025_Local\\Akamai Internship\\pipeline-testing\\test-data-05-12\\raw\\d1067.fits'

C:\Users\allis\Documents\2024-2025_Local\Akamai_Internship\nickelpipeline\nickelpipeline\psf_analysis\moffat\psf_field_and_contour.py:docstring of nickelpipeline.psf_analysis.moffat.psf_field_and_contour.get_smoothed_pars:18: WARNING: Definition list ends without a blank line; unexpected unindent.
C:\Users\allis\Documents\2024-2025_Local\Akamai_Internship\nickelpipeline\nickelpipeline\psf_analysis\moffat\psf_field_and_contour.py:docstring of nickelpipeline.psf_analysis.moffat.psf_field_and_contour.get_source_pars:12: ERROR: Unexpected indentation.
C:\Users\allis\Documents\2024-2025_Local\Akamai_Internship\nickelpipeline\nickelpipeline\__init__.py:docstring of nickelpipeline:1: WARNING: duplicate object description of nickelpipeline, other instance in api/nickelpipeline, use :no-index: for one of them
C:\Users\allis\Documents\2024-2025_Local\Akamai_Internship\nickelpipeline\nickelpipeline\astrometry\__init__.py:docstring of nickelpipeline.astrometry:1: WARNING: duplicate object description of nickelpipeline.astrometry, other instance in api/nickelpipeline.astrometry, use :no-index: for one of them
C:\Users\allis\Documents\2024-2025_Local\Akamai_Internship\nickelpipeline\nickelpipeline\astrometry\astrometric_error.py:docstring of nickelpipeline.astrometry.astrometric_error:1: WARNING: duplicate object description of nickelpipeline.astrometry.astrometric_error, other instance in api/nickelpipeline.astrometry.astrometric_error, use :no-index: for one of them
C:\Users\allis\Documents\2024-2025_Local\Akamai_Internship\nickelpipeline\nickelpipeline\astrometry\astrometric_error.py:docstring of nickelpipeline.astrometry.astrometric_error.get_errors:1: WARNING: duplicate object description of nickelpipeline.astrometry.astrometric_error.get_errors, other instance in api/nickelpipeline.astrometry.astrometric_error, use :no-index: for one of them
C:\Users\allis\Documents\2024-2025_Local\Akamai_Internship\nickelpipeline\nickelpipeline\astrometry\astrometric_error.py:docstring of nickelpipeline.astrometry.astrometric_error.graph_topographic:1: WARNING: duplicate object description of nickelpipeline.astrometry.astrometric_error.graph_topographic, other instance in api/nickelpipeline.astrometry.astrometric_error, use :no-index: for one of them
C:\Users\allis\Documents\2024-2025_Local\Akamai_Internship\nickelpipeline\nickelpipeline\astrometry\astrometric_error.py:docstring of nickelpipeline.astrometry.astrometric_error.graph_topographic_individuals:1: WARNING: duplicate object description of nickelpipeline.astrometry.astrometric_error.graph_topographic_individuals, other instance in api/nickelpipeline.astrometry.astrometric_error, use :no-index: for one of them
C:\Users\allis\Documents\2024-2025_Local\Akamai_Internship\nickelpipeline\nickelpipeline\astrometry\astrometric_error.py:docstring of nickelpipeline.astrometry.astrometric_error.single_graph_topographic:1: WARNING: duplicate object description of nickelpipeline.astrometry.astrometric_error.single_graph_topographic, other instance in api/nickelpipeline.astrometry.astrometric_error, use :no-index: for one of them
C:\Users\allis\Documents\2024-2025_Local\Akamai_Internship\nickelpipeline\nickelpipeline\astrometry\astrometry_api.py:docstring of nickelpipeline.astrometry.astrometry_api:1: WARNING: duplicate object description of nickelpipeline.astrometry.astrometry_api, other instance in api/nickelpipeline.astrometry.astrometry_api, use :no-index: for one of them
C:\Users\allis\Documents\2024-2025_Local\Akamai_Internship\nickelpipeline\nickelpipeline\astrometry\astrometry_api.py:docstring of nickelpipeline.astrometry.astrometry_api.run_astrometry:1: WARNING: duplicate object description of nickelpipeline.astrometry.astrometry_api.run_astrometry, other instance in api/nickelpipeline.astrometry.astrometry_api, use :no-index: for one of them
C:\Users\allis\Documents\2024-2025_Local\Akamai_Internship\nickelpipeline\nickelpipeline\astrometry\plate_scale.py:docstring of nickelpipeline.astrometry.plate_scale:1: WARNING: duplicate object description of nickelpipeline.astrometry.plate_scale, other instance in api/nickelpipeline.astrometry.plate_scale, use :no-index: for one of them
C:\Users\allis\Documents\2024-2025_Local\Akamai_Internship\nickelpipeline\nickelpipeline\astrometry\plate_scale.py:docstring of nickelpipeline.astrometry.plate_scale.avg_plate_scale:1: WARNING: duplicate object description of nickelpipeline.astrometry.plate_scale.avg_plate_scale, other instance in api/nickelpipeline.astrometry.plate_scale, use :no-index: for one of them
C:\Users\allis\Documents\2024-2025_Local\Akamai_Internship\nickelpipeline\nickelpipeline\astrometry\plate_scale.py:docstring of nickelpipeline.astrometry.plate_scale.graph_plate_scale_by_setting:1: WARNING: duplicate object description of nickelpipeline.astrometry.plate_scale.graph_plate_scale_by_setting, other instance in api/nickelpipeline.astrometry.plate_scale, use :no-index: for one of them
C:\Users\allis\Documents\2024-2025_Local\Akamai_Internship\nickelpipeline\nickelpipeline\bin_stats_analysis\__init__.py:docstring of nickelpipeline.bin_stats_analysis:1: WARNING: duplicate object description of nickelpipeline.bin_stats_analysis, other instance in api/nickelpipeline.bin_stats_analysis, use :no-index: for one of them
C:\Users\allis\Documents\2024-2025_Local\Akamai_Internship\nickelpipeline\nickelpipeline\bin_stats_analysis\analyze_stats_double.py:docstring of nickelpipeline.bin_stats_analysis.analyze_stats_double:1: WARNING: duplicate object description of nickelpipeline.bin_stats_analysis.analyze_stats_double, other instance in api/nickelpipeline.bin_stats_analysis.analyze_stats_double, use :no-index: for one of them
C:\Users\allis\Documents\2024-2025_Local\Akamai_Internship\nickelpipeline\nickelpipeline\bin_stats_analysis\analyze_stats_double.py:docstring of nickelpipeline.bin_stats_analysis.analyze_stats_double.analyze_fits:1: WARNING: duplicate object description of nickelpipeline.bin_stats_analysis.analyze_stats_double.analyze_fits, other instance in api/nickelpipeline.bin_stats_analysis.analyze_stats_double, use :no-index: for one of them
C:\Users\allis\Documents\2024-2025_Local\Akamai_Internship\nickelpipeline\nickelpipeline\bin_stats_analysis\analyze_stats_double.py:docstring of nickelpipeline.bin_stats_analysis.analyze_stats_double.plot_histo:1: WARNING: duplicate object description of nickelpipeline.bin_stats_analysis.analyze_stats_double.plot_histo, other instance in api/nickelpipeline.bin_stats_analysis.analyze_stats_double, use :no-index: for one of them
WARNING: autodoc: failed to import module 'analyze_stats_single' from module 'nickelpipeline.bin_stats_analysis'; the following exception was raised:
Traceback (most recent call last):
  File "c:\Users\allis\Documents\2024-2025_Local\Akamai_Internship\nickelpipeline\.venv\Lib\site-packages\sphinx\ext\autodoc\importer.py", line 143, in import_module
    return importlib.import_module(modname)
           ^^^^^^^^^^^^^^^^^^^^^^^^^^^^^^^^
  File "C:\Users\allis\AppData\Local\Programs\Python\Python311\Lib\importlib\__init__.py", line 126, in import_module
    return _bootstrap._gcd_import(name[level:], package, level)
           ^^^^^^^^^^^^^^^^^^^^^^^^^^^^^^^^^^^^^^^^^^^^^^^^^^^^
  File "<frozen importlib._bootstrap>", line 1206, in _gcd_import
  File "<frozen importlib._bootstrap>", line 1178, in _find_and_load
  File "<frozen importlib._bootstrap>", line 1149, in _find_and_load_unlocked
  File "<frozen importlib._bootstrap>", line 690, in _load_unlocked
  File "<frozen importlib._bootstrap_external>", line 940, in exec_module
  File "<frozen importlib._bootstrap>", line 241, in _call_with_frames_removed
  File "C:\Users\allis\Documents\2024-2025_Local\Akamai_Internship\nickelpipeline\nickelpipeline\bin_stats_analysis\analyze_stats_single.py", line 195, in <module>
    analyze_fits(image, bin_width=100)
  File "C:\Users\allis\Documents\2024-2025_Local\Akamai_Internship\nickelpipeline\nickelpipeline\bin_stats_analysis\analyze_stats_single.py", line 22, in analyze_fits
    with fits.open(image) as hdu:
         ^^^^^^^^^^^^^^^^
  File "c:\Users\allis\Documents\2024-2025_Local\Akamai_Internship\nickelpipeline\.venv\Lib\site-packages\astropy\io\fits\hdu\hdulist.py", line 222, in fitsopen
    return HDUList.fromfile(
           ^^^^^^^^^^^^^^^^^
  File "c:\Users\allis\Documents\2024-2025_Local\Akamai_Internship\nickelpipeline\.venv\Lib\site-packages\astropy\io\fits\hdu\hdulist.py", line 486, in fromfile
    return cls._readfrom(
           ^^^^^^^^^^^^^^
  File "c:\Users\allis\Documents\2024-2025_Local\Akamai_Internship\nickelpipeline\.venv\Lib\site-packages\astropy\io\fits\hdu\hdulist.py", line 1168, in _readfrom
    fileobj = _File(
              ^^^^^^
  File "c:\Users\allis\Documents\2024-2025_Local\Akamai_Internship\nickelpipeline\.venv\Lib\site-packages\astropy\io\fits\file.py", line 218, in __init__
    self._open_filename(fileobj, mode, overwrite)
  File "c:\Users\allis\Documents\2024-2025_Local\Akamai_Internship\nickelpipeline\.venv\Lib\site-packages\astropy\io\fits\file.py", line 651, in _open_filename
    self._file = open(self.name, IO_FITS_MODES[mode])
                 ^^^^^^^^^^^^^^^^^^^^^^^^^^^^^^^^^^^^
FileNotFoundError: [Errno 2] No such file or directory: 'C:\\Users\\allis\\Documents\\2024-2025_Local\\Akamai Internship\\pipeline-testing\\test-data-05-12\\raw\\d1067.fits'

C:\Users\allis\Documents\2024-2025_Local\Akamai_Internship\nickelpipeline\nickelpipeline\bin_stats_analysis\bias_analysis.py:docstring of nickelpipeline.bin_stats_analysis.bias_analysis:1: WARNING: duplicate object description of nickelpipeline.bin_stats_analysis.bias_analysis, other instance in api/nickelpipeline.bin_stats_analysis.bias_analysis, use :no-index: for one of them
C:\Users\allis\Documents\2024-2025_Local\Akamai_Internship\nickelpipeline\nickelpipeline\convenience\__init__.py:docstring of nickelpipeline.convenience:1: WARNING: duplicate object description of nickelpipeline.convenience, other instance in api/nickelpipeline.convenience, use :no-index: for one of them
WARNING: autodoc: failed to import module 'all_funcs' from module 'nickelpipeline.convenience'; the following exception was raised:
No module named 'nickelpipeline.convenience.all_funcs'
C:\Users\allis\Documents\2024-2025_Local\Akamai_Internship\nickelpipeline\nickelpipeline\convenience\conditions.py:docstring of nickelpipeline.convenience.conditions:1: WARNING: duplicate object description of nickelpipeline.convenience.conditions, other instance in api/nickelpipeline.convenience.conditions, use :no-index: for one of them
C:\Users\allis\Documents\2024-2025_Local\Akamai_Internship\nickelpipeline\nickelpipeline\convenience\dir_nav.py:docstring of nickelpipeline.convenience.dir_nav:1: WARNING: duplicate object description of nickelpipeline.convenience.dir_nav, other instance in api/nickelpipeline.convenience.dir_nav, use :no-index: for one of them
C:\Users\allis\Documents\2024-2025_Local\Akamai_Internship\nickelpipeline\nickelpipeline\convenience\dir_nav.py:docstring of nickelpipeline.convenience.dir_nav.categories_from_conditions:1: WARNING: duplicate object description of nickelpipeline.convenience.dir_nav.categories_from_conditions, other instance in api/nickelpipeline.convenience.dir_nav, use :no-index: for one of them
C:\Users\allis\Documents\2024-2025_Local\Akamai_Internship\nickelpipeline\nickelpipeline\convenience\dir_nav.py:docstring of nickelpipeline.convenience.dir_nav.unzip_directories:1: WARNING: duplicate object description of nickelpipeline.convenience.dir_nav.unzip_directories, other instance in api/nickelpipeline.convenience.dir_nav, use :no-index: for one of them
C:\Users\allis\Documents\2024-2025_Local\Akamai_Internship\nickelpipeline\nickelpipeline\convenience\display_fits.py:docstring of nickelpipeline.convenience.display_fits:1: WARNING: duplicate object description of nickelpipeline.convenience.display_fits, other instance in api/nickelpipeline.convenience.display_fits, use :no-index: for one of them
C:\Users\allis\Documents\2024-2025_Local\Akamai_Internship\nickelpipeline\nickelpipeline\convenience\display_fits.py:docstring of nickelpipeline.convenience.display_fits.display_many_nickel:1: WARNING: duplicate object description of nickelpipeline.convenience.display_fits.display_many_nickel, other instance in api/nickelpipeline.convenience.display_fits, use :no-index: for one of them
C:\Users\allis\Documents\2024-2025_Local\Akamai_Internship\nickelpipeline\nickelpipeline\convenience\display_fits.py:docstring of nickelpipeline.convenience.display_fits.display_nickel:1: WARNING: duplicate object description of nickelpipeline.convenience.display_fits.display_nickel, other instance in api/nickelpipeline.convenience.display_fits, use :no-index: for one of them
C:\Users\allis\Documents\2024-2025_Local\Akamai_Internship\nickelpipeline\nickelpipeline\convenience\display_fits.py:docstring of nickelpipeline.convenience.display_fits.print_fits_info:1: WARNING: duplicate object description of nickelpipeline.convenience.display_fits.print_fits_info, other instance in api/nickelpipeline.convenience.display_fits, use :no-index: for one of them
C:\Users\allis\Documents\2024-2025_Local\Akamai_Internship\nickelpipeline\nickelpipeline\convenience\fits_class.py:docstring of nickelpipeline.convenience.fits_class:1: WARNING: duplicate object description of nickelpipeline.convenience.fits_class, other instance in api/nickelpipeline.convenience.fits_class, use :no-index: for one of them
C:\Users\allis\Documents\2024-2025_Local\Akamai_Internship\nickelpipeline\nickelpipeline\convenience\fits_class.py:docstring of nickelpipeline.convenience.fits_class.Fits_Simple:1: WARNING: duplicate object description of nickelpipeline.convenience.fits_class.Fits_Simple, other instance in api/nickelpipeline.convenience.fits_class, use :no-index: for one of them
C:\Users\allis\Documents\2024-2025_Local\Akamai_Internship\nickelpipeline\nickelpipeline\convenience\fits_class.py:docstring of nickelpipeline.convenience.fits_class.Fits_Simple:3: WARNING: duplicate object description of nickelpipeline.convenience.fits_class.Fits_Simple.path, other instance in api/nickelpipeline.convenience.fits_class, use :no-index: for one of them
C:\Users\allis\Documents\2024-2025_Local\Akamai_Internship\nickelpipeline\nickelpipeline\convenience\fits_class.py:docstring of nickelpipeline.convenience.fits_class.Fits_Simple:9: WARNING: duplicate object description of nickelpipeline.convenience.fits_class.Fits_Simple.filename, other instance in api/nickelpipeline.convenience.fits_class, use :no-index: for one of them
C:\Users\allis\Documents\2024-2025_Local\Akamai_Internship\nickelpipeline\nickelpipeline\convenience\fits_class.py:docstring of nickelpipeline.convenience.fits_class.Fits_Simple:15: WARNING: duplicate object description of nickelpipeline.convenience.fits_class.Fits_Simple.header, other instance in api/nickelpipeline.convenience.fits_class, use :no-index: for one of them
C:\Users\allis\Documents\2024-2025_Local\Akamai_Internship\nickelpipeline\nickelpipeline\convenience\fits_class.py:docstring of nickelpipeline.convenience.fits_class.Fits_Simple:21: WARNING: duplicate object description of nickelpipeline.convenience.fits_class.Fits_Simple.data, other instance in api/nickelpipeline.convenience.fits_class, use :no-index: for one of them
C:\Users\allis\Documents\2024-2025_Local\Akamai_Internship\nickelpipeline\nickelpipeline\convenience\fits_class.py:docstring of nickelpipeline.convenience.fits_class.Fits_Simple:27: WARNING: duplicate object description of nickelpipeline.convenience.fits_class.Fits_Simple.object, other instance in api/nickelpipeline.convenience.fits_class, use :no-index: for one of them
C:\Users\allis\Documents\2024-2025_Local\Akamai_Internship\nickelpipeline\nickelpipeline\convenience\fits_class.py:docstring of nickelpipeline.convenience.fits_class.Fits_Simple:33: WARNING: duplicate object description of nickelpipeline.convenience.fits_class.Fits_Simple.filtnam, other instance in api/nickelpipeline.convenience.fits_class, use :no-index: for one of them
C:\Users\allis\Documents\2024-2025_Local\Akamai_Internship\nickelpipeline\nickelpipeline\convenience\fits_class.py:docstring of nickelpipeline.convenience.fits_class.Fits_Simple:39: WARNING: duplicate object description of nickelpipeline.convenience.fits_class.Fits_Simple.exptime, other instance in api/nickelpipeline.convenience.fits_class, use :no-index: for one of them
C:\Users\allis\Documents\2024-2025_Local\Akamai_Internship\nickelpipeline\nickelpipeline\convenience\fits_class.py:docstring of nickelpipeline.convenience.fits_class.Fits_Simple.__new__:1: WARNING: duplicate object description of nickelpipeline.convenience.fits_class.Fits_Simple.__new__, other instance in api/nickelpipeline.convenience.fits_class, use :no-index: for one of them
C:\Users\allis\Documents\2024-2025_Local\Akamai_Internship\nickelpipeline\nickelpipeline\convenience\fits_class.py:docstring of nickelpipeline.convenience.fits_class.Fits_Simple.__str__:1: WARNING: duplicate object description of nickelpipeline.convenience.fits_class.Fits_Simple.__str__, other instance in api/nickelpipeline.convenience.fits_class, use :no-index: for one of them
C:\Users\allis\Documents\2024-2025_Local\Akamai_Internship\nickelpipeline\nickelpipeline\convenience\fits_class.py:docstring of nickelpipeline.convenience.fits_class.Fits_Simple.display:1: WARNING: duplicate object description of nickelpipeline.convenience.fits_class.Fits_Simple.display, other instance in api/nickelpipeline.convenience.fits_class, use :no-index: for one of them
C:\Users\allis\Documents\2024-2025_Local\Akamai_Internship\nickelpipeline\nickelpipeline\convenience\fits_class.py:docstring of nickelpipeline.convenience.fits_class.add_mask:1: WARNING: duplicate object description of nickelpipeline.convenience.fits_class.add_mask, other instance in api/nickelpipeline.convenience.fits_class, use :no-index: for one of them
C:\Users\allis\Documents\2024-2025_Local\Akamai_Internship\nickelpipeline\nickelpipeline\convenience\graphs.py:docstring of nickelpipeline.convenience.graphs:1: WARNING: duplicate object description of nickelpipeline.convenience.graphs, other instance in api/nickelpipeline.convenience.graphs, use :no-index: for one of them
C:\Users\allis\Documents\2024-2025_Local\Akamai_Internship\nickelpipeline\nickelpipeline\convenience\graphs.py:docstring of nickelpipeline.convenience.graphs.scatter_sources:1: WARNING: duplicate object description of nickelpipeline.convenience.graphs.scatter_sources, other instance in api/nickelpipeline.convenience.graphs, use :no-index: for one of them
C:\Users\allis\Documents\2024-2025_Local\Akamai_Internship\nickelpipeline\nickelpipeline\convenience\graphs.py:docstring of nickelpipeline.convenience.graphs.smooth_contour:1: WARNING: duplicate object description of nickelpipeline.convenience.graphs.smooth_contour, other instance in api/nickelpipeline.convenience.graphs, use :no-index: for one of them
C:\Users\allis\Documents\2024-2025_Local\Akamai_Internship\nickelpipeline\nickelpipeline\convenience\nickel_data.py:docstring of nickelpipeline.convenience.nickel_data:1: WARNING: duplicate object description of nickelpipeline.convenience.nickel_data, other instance in api/nickelpipeline.convenience.nickel_data, use :no-index: for one of them
C:\Users\allis\Documents\2024-2025_Local\Akamai_Internship\nickelpipeline\nickelpipeline\psf_analysis\__init__.py:docstring of nickelpipeline.psf_analysis:1: WARNING: duplicate object description of nickelpipeline.psf_analysis, other instance in api/nickelpipeline.psf_analysis, use :no-index: for one of them
C:\Users\allis\Documents\2024-2025_Local\Akamai_Internship\nickelpipeline\nickelpipeline\psf_analysis\gaussian\__init__.py:docstring of nickelpipeline.psf_analysis.gaussian:1: WARNING: duplicate object description of nickelpipeline.psf_analysis.gaussian, other instance in api/nickelpipeline.psf_analysis.gaussian, use :no-index: for one of them
C:\Users\allis\Documents\2024-2025_Local\Akamai_Internship\nickelpipeline\nickelpipeline\psf_analysis\gaussian\calc_fwhm.py:docstring of nickelpipeline.psf_analysis.gaussian.calc_fwhm:1: WARNING: duplicate object description of nickelpipeline.psf_analysis.gaussian.calc_fwhm, other instance in api/nickelpipeline.psf_analysis.gaussian.calc_fwhm, use :no-index: for one of them
C:\Users\allis\Documents\2024-2025_Local\Akamai_Internship\nickelpipeline\nickelpipeline\psf_analysis\gaussian\calc_fwhm.py:docstring of nickelpipeline.psf_analysis.gaussian.calc_fwhm.avg_fwhm:1: WARNING: duplicate object description of nickelpipeline.psf_analysis.gaussian.calc_fwhm.avg_fwhm, other instance in api/nickelpipeline.psf_analysis.gaussian.calc_fwhm, use :no-index: for one of them
C:\Users\allis\Documents\2024-2025_Local\Akamai_Internship\nickelpipeline\nickelpipeline\psf_analysis\gaussian\calc_fwhm.py:docstring of nickelpipeline.psf_analysis.gaussian.calc_fwhm.batch_fwhm:1: WARNING: duplicate object description of nickelpipeline.psf_analysis.gaussian.calc_fwhm.batch_fwhm, other instance in api/nickelpipeline.psf_analysis.gaussian.calc_fwhm, use :no-index: for one of them
C:\Users\allis\Documents\2024-2025_Local\Akamai_Internship\nickelpipeline\nickelpipeline\psf_analysis\gaussian\calc_fwhm.py:docstring of nickelpipeline.psf_analysis.gaussian.calc_fwhm.calc_fwhm:1: WARNING: duplicate object description of nickelpipeline.psf_analysis.gaussian.calc_fwhm.calc_fwhm, other instance in api/nickelpipeline.psf_analysis.gaussian.calc_fwhm, use :no-index: for one of them
C:\Users\allis\Documents\2024-2025_Local\Akamai_Internship\nickelpipeline\nickelpipeline\psf_analysis\gaussian\calc_fwhm.py:docstring of nickelpipeline.psf_analysis.gaussian.calc_fwhm.fwhm_from_raw:1: WARNING: duplicate object description of nickelpipeline.psf_analysis.gaussian.calc_fwhm.fwhm_from_raw, other instance in api/nickelpipeline.psf_analysis.gaussian.calc_fwhm, use :no-index: for one of them
C:\Users\allis\Documents\2024-2025_Local\Akamai_Internship\nickelpipeline\nickelpipeline\psf_analysis\gaussian\calc_fwhm.py:docstring of nickelpipeline.psf_analysis.gaussian.calc_fwhm.plot_sources:1: WARNING: duplicate object description of nickelpipeline.psf_analysis.gaussian.calc_fwhm.plot_sources, other instance in api/nickelpipeline.psf_analysis.gaussian.calc_fwhm, use :no-index: for one of them
C:\Users\allis\Documents\2024-2025_Local\Akamai_Internship\nickelpipeline\nickelpipeline\psf_analysis\gaussian\calc_fwhm.py:docstring of nickelpipeline.psf_analysis.gaussian.calc_fwhm.testing:1: WARNING: duplicate object description of nickelpipeline.psf_analysis.gaussian.calc_fwhm.testing, other instance in api/nickelpipeline.psf_analysis.gaussian.calc_fwhm, use :no-index: for one of them
C:\Users\allis\Documents\2024-2025_Local\Akamai_Internship\nickelpipeline\nickelpipeline\psf_analysis\gaussian\fwhm_graphs.py:docstring of nickelpipeline.psf_analysis.gaussian.fwhm_graphs:1: WARNING: duplicate object description of nickelpipeline.psf_analysis.gaussian.fwhm_graphs, other instance in api/nickelpipeline.psf_analysis.gaussian.fwhm_graphs, use :no-index: for one of them
C:\Users\allis\Documents\2024-2025_Local\Akamai_Internship\nickelpipeline\nickelpipeline\psf_analysis\gaussian\fwhm_graphs.py:docstring of nickelpipeline.psf_analysis.gaussian.fwhm_graphs.graph_fwhms_by_image:1: WARNING: duplicate object description of nickelpipeline.psf_analysis.gaussian.fwhm_graphs.graph_fwhms_by_image, other instance in api/nickelpipeline.psf_analysis.gaussian.fwhm_graphs, use :no-index: for one of them
C:\Users\allis\Documents\2024-2025_Local\Akamai_Internship\nickelpipeline\nickelpipeline\psf_analysis\gaussian\fwhm_graphs.py:docstring of nickelpipeline.psf_analysis.gaussian.fwhm_graphs.graph_fwhms_by_setting:1: WARNING: duplicate object description of nickelpipeline.psf_analysis.gaussian.fwhm_graphs.graph_fwhms_by_setting, other instance in api/nickelpipeline.psf_analysis.gaussian.fwhm_graphs, use :no-index: for one of them
C:\Users\allis\Documents\2024-2025_Local\Akamai_Internship\nickelpipeline\nickelpipeline\psf_analysis\gaussian\fwhm_graphs.py:docstring of nickelpipeline.psf_analysis.gaussian.fwhm_graphs.multi_date_graph_fwhms_by_setting:1: WARNING: duplicate object description of nickelpipeline.psf_analysis.gaussian.fwhm_graphs.multi_date_graph_fwhms_by_setting, other instance in api/nickelpipeline.psf_analysis.gaussian.fwhm_graphs, use :no-index: for one of them
C:\Users\allis\Documents\2024-2025_Local\Akamai_Internship\nickelpipeline\nickelpipeline\psf_analysis\gaussian\fwhm_graphs_contour.py:docstring of nickelpipeline.psf_analysis.gaussian.fwhm_graphs_contour:1: WARNING: duplicate object description of nickelpipeline.psf_analysis.gaussian.fwhm_graphs_contour, other instance in api/nickelpipeline.psf_analysis.gaussian.fwhm_graphs_contour, use :no-index: for one of them
C:\Users\allis\Documents\2024-2025_Local\Akamai_Internship\nickelpipeline\nickelpipeline\psf_analysis\gaussian\fwhm_graphs_contour.py:docstring of nickelpipeline.psf_analysis.gaussian.fwhm_graphs_contour.param_graph_by_category:1: WARNING: duplicate object description of nickelpipeline.psf_analysis.gaussian.fwhm_graphs_contour.param_graph_by_category, other instance in api/nickelpipeline.psf_analysis.gaussian.fwhm_graphs_contour, use :no-index: for one of them
C:\Users\allis\Documents\2024-2025_Local\Akamai_Internship\nickelpipeline\nickelpipeline\psf_analysis\gaussian\fwhm_graphs_contour.py:docstring of nickelpipeline.psf_analysis.gaussian.fwhm_graphs_contour.param_graph_individuals:1: WARNING: duplicate object description of nickelpipeline.psf_analysis.gaussian.fwhm_graphs_contour.param_graph_individuals, other instance in api/nickelpipeline.psf_analysis.gaussian.fwhm_graphs_contour, use :no-index: for one of them
C:\Users\allis\Documents\2024-2025_Local\Akamai_Internship\nickelpipeline\nickelpipeline\psf_analysis\gaussian\fwhm_graphs_contour.py:docstring of nickelpipeline.psf_analysis.gaussian.fwhm_graphs_contour.single_param_graph:1: WARNING: duplicate object description of nickelpipeline.psf_analysis.gaussian.fwhm_graphs_contour.single_param_graph, other instance in api/nickelpipeline.psf_analysis.gaussian.fwhm_graphs_contour, use :no-index: for one of them
C:\Users\allis\Documents\2024-2025_Local\Akamai_Internship\nickelpipeline\nickelpipeline\psf_analysis\moffat\__init__.py:docstring of nickelpipeline.psf_analysis.moffat:1: WARNING: duplicate object description of nickelpipeline.psf_analysis.moffat, other instance in api/nickelpipeline.psf_analysis.moffat, use :no-index: for one of them
C:\Users\allis\Documents\2024-2025_Local\Akamai_Internship\nickelpipeline\nickelpipeline\psf_analysis\moffat\fit_psf.py:docstring of nickelpipeline.psf_analysis.moffat.fit_psf:1: WARNING: duplicate object description of nickelpipeline.psf_analysis.moffat.fit_psf, other instance in api/nickelpipeline.psf_analysis.moffat.fit_psf, use :no-index: for one of them
C:\Users\allis\Documents\2024-2025_Local\Akamai_Internship\nickelpipeline\nickelpipeline\psf_analysis\moffat\fit_psf.py:docstring of nickelpipeline.psf_analysis.moffat.fit_psf.fit_psf_generic:1: WARNING: duplicate object description of nickelpipeline.psf_analysis.moffat.fit_psf.fit_psf_generic, other instance in api/nickelpipeline.psf_analysis.moffat.fit_psf, use :no-index: for one of them
C:\Users\allis\Documents\2024-2025_Local\Akamai_Internship\nickelpipeline\nickelpipeline\psf_analysis\moffat\fit_psf.py:docstring of nickelpipeline.psf_analysis.moffat.fit_psf.fit_psf_single:1: WARNING: duplicate object description of nickelpipeline.psf_analysis.moffat.fit_psf.fit_psf_single, other instance in api/nickelpipeline.psf_analysis.moffat.fit_psf, use :no-index: for one of them
C:\Users\allis\Documents\2024-2025_Local\Akamai_Internship\nickelpipeline\nickelpipeline\psf_analysis\moffat\fit_psf.py:docstring of nickelpipeline.psf_analysis.moffat.fit_psf.fit_psf_stack:1: WARNING: duplicate object description of nickelpipeline.psf_analysis.moffat.fit_psf.fit_psf_stack, other instance in api/nickelpipeline.psf_analysis.moffat.fit_psf, use :no-index: for one of them
C:\Users\allis\Documents\2024-2025_Local\Akamai_Internship\nickelpipeline\nickelpipeline\psf_analysis\moffat\fit_psf.py:docstring of nickelpipeline.psf_analysis.moffat.fit_psf.main:1: WARNING: duplicate object description of nickelpipeline.psf_analysis.moffat.fit_psf.main, other instance in api/nickelpipeline.psf_analysis.moffat.fit_psf, use :no-index: for one of them
C:\Users\allis\Documents\2024-2025_Local\Akamai_Internship\nickelpipeline\nickelpipeline\psf_analysis\moffat\fit_psf.py:docstring of nickelpipeline.psf_analysis.moffat.fit_psf.psf_plot:1: WARNING: duplicate object description of nickelpipeline.psf_analysis.moffat.fit_psf.psf_plot, other instance in api/nickelpipeline.psf_analysis.moffat.fit_psf, use :no-index: for one of them
C:\Users\allis\Documents\2024-2025_Local\Akamai_Internship\nickelpipeline\nickelpipeline\psf_analysis\moffat\model_psf.py:docstring of nickelpipeline.psf_analysis.moffat.model_psf:1: WARNING: duplicate object description of nickelpipeline.psf_analysis.moffat.model_psf, other instance in api/nickelpipeline.psf_analysis.moffat.model_psf, use :no-index: for one of them
C:\Users\allis\Documents\2024-2025_Local\Akamai_Internship\nickelpipeline\nickelpipeline\psf_analysis\moffat\model_psf.py:docstring of nickelpipeline.psf_analysis.moffat.model_psf.FitEllipticalMoffat2D:1: WARNING: duplicate object description of nickelpipeline.psf_analysis.moffat.model_psf.FitEllipticalMoffat2D, other instance in api/nickelpipeline.psf_analysis.moffat.model_psf, use :no-index: for one of them
C:\Users\allis\Documents\2024-2025_Local\Akamai_Internship\nickelpipeline\nickelpipeline\psf_analysis\moffat\model_psf.py:docstring of nickelpipeline.psf_analysis.moffat.model_psf.FitEllipticalMoffat2D._eval_moffat:1: WARNING: duplicate object description of nickelpipeline.psf_analysis.moffat.model_psf.FitEllipticalMoffat2D._eval_moffat, other instance in api/nickelpipeline.psf_analysis.moffat.model_psf, use :no-index: for one of them
C:\Users\allis\Documents\2024-2025_Local\Akamai_Internship\nickelpipeline\nickelpipeline\psf_analysis\moffat\model_psf.py:docstring of nickelpipeline.psf_analysis.moffat.model_psf.FitEllipticalMoffat2D._eval_moffat_deriv:1: WARNING: duplicate object description of nickelpipeline.psf_analysis.moffat.model_psf.FitEllipticalMoffat2D._eval_moffat_deriv, other instance in api/nickelpipeline.psf_analysis.moffat.model_psf, use :no-index: for one of them
C:\Users\allis\Documents\2024-2025_Local\Akamai_Internship\nickelpipeline\nickelpipeline\psf_analysis\moffat\model_psf.py:docstring of nickelpipeline.psf_analysis.moffat.model_psf.FitEllipticalMoffat2D._set_par:1: WARNING: duplicate object description of nickelpipeline.psf_analysis.moffat.model_psf.FitEllipticalMoffat2D._set_par, other instance in api/nickelpipeline.psf_analysis.moffat.model_psf, use :no-index: for one of them
C:\Users\allis\Documents\2024-2025_Local\Akamai_Internship\nickelpipeline\nickelpipeline\psf_analysis\moffat\model_psf.py:docstring of nickelpipeline.psf_analysis.moffat.model_psf.FitEllipticalMoffat2D.default_bounds:1: WARNING: duplicate object description of nickelpipeline.psf_analysis.moffat.model_psf.FitEllipticalMoffat2D.default_bounds, other instance in api/nickelpipeline.psf_analysis.moffat.model_psf, use :no-index: for one of them
C:\Users\allis\Documents\2024-2025_Local\Akamai_Internship\nickelpipeline\nickelpipeline\psf_analysis\moffat\model_psf.py:docstring of nickelpipeline.psf_analysis.moffat.model_psf.FitEllipticalMoffat2D.deriv_resid:1: WARNING: duplicate object description of nickelpipeline.psf_analysis.moffat.model_psf.FitEllipticalMoffat2D.deriv_resid, other instance in api/nickelpipeline.psf_analysis.moffat.model_psf, use :no-index: for one of them
C:\Users\allis\Documents\2024-2025_Local\Akamai_Internship\nickelpipeline\nickelpipeline\psf_analysis\moffat\model_psf.py:docstring of nickelpipeline.psf_analysis.moffat.model_psf.FitEllipticalMoffat2D.fit:1: WARNING: duplicate object description of nickelpipeline.psf_analysis.moffat.model_psf.FitEllipticalMoffat2D.fit, other instance in api/nickelpipeline.psf_analysis.moffat.model_psf, use :no-index: for one of them
C:\Users\allis\Documents\2024-2025_Local\Akamai_Internship\nickelpipeline\nickelpipeline\psf_analysis\moffat\model_psf.py:docstring of nickelpipeline.psf_analysis.moffat.model_psf.FitEllipticalMoffat2D.get_nice_phi:1: WARNING: duplicate object description of nickelpipeline.psf_analysis.moffat.model_psf.FitEllipticalMoffat2D.get_nice_phi, other instance in api/nickelpipeline.psf_analysis.moffat.model_psf, use :no-index: for one of them
C:\Users\allis\Documents\2024-2025_Local\Akamai_Internship\nickelpipeline\nickelpipeline\psf_analysis\moffat\model_psf.py:docstring of nickelpipeline.psf_analysis.moffat.model_psf.FitEllipticalMoffat2D.get_orig_phi:1: WARNING: duplicate object description of nickelpipeline.psf_analysis.moffat.model_psf.FitEllipticalMoffat2D.get_orig_phi, other instance in api/nickelpipeline.psf_analysis.moffat.model_psf, use :no-index: for one of them
C:\Users\allis\Documents\2024-2025_Local\Akamai_Internship\nickelpipeline\nickelpipeline\psf_analysis\moffat\model_psf.py:docstring of nickelpipeline.psf_analysis.moffat.model_psf.FitEllipticalMoffat2D.guess_par:1: WARNING: duplicate object description of nickelpipeline.psf_analysis.moffat.model_psf.FitEllipticalMoffat2D.guess_par, other instance in api/nickelpipeline.psf_analysis.moffat.model_psf, use :no-index: for one of them
C:\Users\allis\Documents\2024-2025_Local\Akamai_Internship\nickelpipeline\nickelpipeline\psf_analysis\moffat\model_psf.py:docstring of nickelpipeline.psf_analysis.moffat.model_psf.FitEllipticalMoffat2D.model:1: WARNING: duplicate object description of nickelpipeline.psf_analysis.moffat.model_psf.FitEllipticalMoffat2D.model, other instance in api/nickelpipeline.psf_analysis.moffat.model_psf, use :no-index: for one of them
C:\Users\allis\Documents\2024-2025_Local\Akamai_Internship\nickelpipeline\nickelpipeline\psf_analysis\moffat\model_psf.py:docstring of nickelpipeline.psf_analysis.moffat.model_psf.FitEllipticalMoffat2D.resid:1: WARNING: duplicate object description of nickelpipeline.psf_analysis.moffat.model_psf.FitEllipticalMoffat2D.resid, other instance in api/nickelpipeline.psf_analysis.moffat.model_psf, use :no-index: for one of them
C:\Users\allis\Documents\2024-2025_Local\Akamai_Internship\nickelpipeline\nickelpipeline\psf_analysis\moffat\model_psf.py:docstring of nickelpipeline.psf_analysis.moffat.model_psf.FitEllipticalMoffat2D.to_fwhm:1: WARNING: duplicate object description of nickelpipeline.psf_analysis.moffat.model_psf.FitEllipticalMoffat2D.to_fwhm, other instance in api/nickelpipeline.psf_analysis.moffat.model_psf, use :no-index: for one of them
C:\Users\allis\Documents\2024-2025_Local\Akamai_Internship\nickelpipeline\nickelpipeline\psf_analysis\moffat\model_psf.py:docstring of nickelpipeline.psf_analysis.moffat.model_psf.FitEllipticalMoffat2D.to_gamma:1: WARNING: duplicate object description of nickelpipeline.psf_analysis.moffat.model_psf.FitEllipticalMoffat2D.to_gamma, other instance in api/nickelpipeline.psf_analysis.moffat.model_psf, use :no-index: for one of them
C:\Users\allis\Documents\2024-2025_Local\Akamai_Internship\nickelpipeline\nickelpipeline\psf_analysis\moffat\model_psf.py:docstring of nickelpipeline.psf_analysis.moffat.model_psf.FitMoffat2D:1: WARNING: duplicate object description of nickelpipeline.psf_analysis.moffat.model_psf.FitMoffat2D, other instance in api/nickelpipeline.psf_analysis.moffat.model_psf, use :no-index: for one of them
C:\Users\allis\Documents\2024-2025_Local\Akamai_Internship\nickelpipeline\nickelpipeline\psf_analysis\moffat\model_psf.py:docstring of nickelpipeline.psf_analysis.moffat.model_psf.FitMoffat2D._set_par:1: WARNING: duplicate object description of nickelpipeline.psf_analysis.moffat.model_psf.FitMoffat2D._set_par, other instance in api/nickelpipeline.psf_analysis.moffat.model_psf, use :no-index: for one of them
C:\Users\allis\Documents\2024-2025_Local\Akamai_Internship\nickelpipeline\nickelpipeline\psf_analysis\moffat\model_psf.py:docstring of nickelpipeline.psf_analysis.moffat.model_psf.FitMoffat2D.default_bounds:1: WARNING: duplicate object description of nickelpipeline.psf_analysis.moffat.model_psf.FitMoffat2D.default_bounds, other instance in api/nickelpipeline.psf_analysis.moffat.model_psf, use :no-index: for one of them
C:\Users\allis\Documents\2024-2025_Local\Akamai_Internship\nickelpipeline\nickelpipeline\psf_analysis\moffat\model_psf.py:docstring of nickelpipeline.psf_analysis.moffat.model_psf.FitMoffat2D.deriv_resid:1: WARNING: duplicate object description of nickelpipeline.psf_analysis.moffat.model_psf.FitMoffat2D.deriv_resid, other instance in api/nickelpipeline.psf_analysis.moffat.model_psf, use :no-index: for one of them
C:\Users\allis\Documents\2024-2025_Local\Akamai_Internship\nickelpipeline\nickelpipeline\psf_analysis\moffat\model_psf.py:docstring of nickelpipeline.psf_analysis.moffat.model_psf.FitMoffat2D.fit:1: WARNING: duplicate object description of nickelpipeline.psf_analysis.moffat.model_psf.FitMoffat2D.fit, other instance in api/nickelpipeline.psf_analysis.moffat.model_psf, use :no-index: for one of them
C:\Users\allis\Documents\2024-2025_Local\Akamai_Internship\nickelpipeline\nickelpipeline\psf_analysis\moffat\model_psf.py:docstring of nickelpipeline.psf_analysis.moffat.model_psf.FitMoffat2D.guess_par:1: WARNING: duplicate object description of nickelpipeline.psf_analysis.moffat.model_psf.FitMoffat2D.guess_par, other instance in api/nickelpipeline.psf_analysis.moffat.model_psf, use :no-index: for one of them
C:\Users\allis\Documents\2024-2025_Local\Akamai_Internship\nickelpipeline\nickelpipeline\psf_analysis\moffat\model_psf.py:docstring of nickelpipeline.psf_analysis.moffat.model_psf.FitMoffat2D.model:1: WARNING: duplicate object description of nickelpipeline.psf_analysis.moffat.model_psf.FitMoffat2D.model, other instance in api/nickelpipeline.psf_analysis.moffat.model_psf, use :no-index: for one of them
C:\Users\allis\Documents\2024-2025_Local\Akamai_Internship\nickelpipeline\nickelpipeline\psf_analysis\moffat\model_psf.py:docstring of nickelpipeline.psf_analysis.moffat.model_psf.FitMoffat2D.resid:1: WARNING: duplicate object description of nickelpipeline.psf_analysis.moffat.model_psf.FitMoffat2D.resid, other instance in api/nickelpipeline.psf_analysis.moffat.model_psf, use :no-index: for one of them
C:\Users\allis\Documents\2024-2025_Local\Akamai_Internship\nickelpipeline\nickelpipeline\psf_analysis\moffat\model_psf.py:docstring of nickelpipeline.psf_analysis.moffat.model_psf.FitMoffat2D.to_fwhm:1: WARNING: duplicate object description of nickelpipeline.psf_analysis.moffat.model_psf.FitMoffat2D.to_fwhm, other instance in api/nickelpipeline.psf_analysis.moffat.model_psf, use :no-index: for one of them
C:\Users\allis\Documents\2024-2025_Local\Akamai_Internship\nickelpipeline\nickelpipeline\psf_analysis\moffat\model_psf.py:docstring of nickelpipeline.psf_analysis.moffat.model_psf.FitMoffat2D.to_gamma:1: WARNING: duplicate object description of nickelpipeline.psf_analysis.moffat.model_psf.FitMoffat2D.to_gamma, other instance in api/nickelpipeline.psf_analysis.moffat.model_psf, use :no-index: for one of them
C:\Users\allis\Documents\2024-2025_Local\Akamai_Internship\nickelpipeline\nickelpipeline\psf_analysis\moffat\model_psf.py:docstring of nickelpipeline.psf_analysis.moffat.model_psf.make_ellipse:1: WARNING: duplicate object description of nickelpipeline.psf_analysis.moffat.model_psf.make_ellipse, other instance in api/nickelpipeline.psf_analysis.moffat.model_psf, use :no-index: for one of them
C:\Users\allis\Documents\2024-2025_Local\Akamai_Internship\nickelpipeline\nickelpipeline\psf_analysis\moffat\psf_field_and_contour.py:docstring of nickelpipeline.psf_analysis.moffat.psf_field_and_contour:1: WARNING: duplicate object description of nickelpipeline.psf_analysis.moffat.psf_field_and_contour, other instance in api/nickelpipeline.psf_analysis.moffat.psf_field_and_contour, use :no-index: for one of them
C:\Users\allis\Documents\2024-2025_Local\Akamai_Internship\nickelpipeline\nickelpipeline\psf_analysis\moffat\psf_field_and_contour.py:docstring of nickelpipeline.psf_analysis.moffat.psf_field_and_contour.fit_field_by_category:1: WARNING: duplicate object description of nickelpipeline.psf_analysis.moffat.psf_field_and_contour.fit_field_by_category, other instance in api/nickelpipeline.psf_analysis.moffat.psf_field_and_contour, use :no-index: for one of them
C:\Users\allis\Documents\2024-2025_Local\Akamai_Internship\nickelpipeline\nickelpipeline\psf_analysis\moffat\psf_field_and_contour.py:docstring of nickelpipeline.psf_analysis.moffat.psf_field_and_contour.get_param_list:1: WARNING: duplicate object description of nickelpipeline.psf_analysis.moffat.psf_field_and_contour.get_param_list, other instance in api/nickelpipeline.psf_analysis.moffat.psf_field_and_contour, use :no-index: for one of them
C:\Users\allis\Documents\2024-2025_Local\Akamai_Internship\nickelpipeline\nickelpipeline\psf_analysis\moffat\psf_field_and_contour.py:docstring of nickelpipeline.psf_analysis.moffat.psf_field_and_contour.get_smoothed_pars:1: WARNING: duplicate object description of nickelpipeline.psf_analysis.moffat.psf_field_and_contour.get_smoothed_pars, other instance in api/nickelpipeline.psf_analysis.moffat.psf_field_and_contour, use :no-index: for one of them
C:\Users\allis\Documents\2024-2025_Local\Akamai_Internship\nickelpipeline\nickelpipeline\psf_analysis\moffat\psf_field_and_contour.py:docstring of nickelpipeline.psf_analysis.moffat.psf_field_and_contour.get_smoothed_pars:18: WARNING: Definition list ends without a blank line; unexpected unindent.
C:\Users\allis\Documents\2024-2025_Local\Akamai_Internship\nickelpipeline\nickelpipeline\psf_analysis\moffat\psf_field_and_contour.py:docstring of nickelpipeline.psf_analysis.moffat.psf_field_and_contour.get_source_pars:1: WARNING: duplicate object description of nickelpipeline.psf_analysis.moffat.psf_field_and_contour.get_source_pars, other instance in api/nickelpipeline.psf_analysis.moffat.psf_field_and_contour, use :no-index: for one of them
C:\Users\allis\Documents\2024-2025_Local\Akamai_Internship\nickelpipeline\nickelpipeline\psf_analysis\moffat\psf_field_and_contour.py:docstring of nickelpipeline.psf_analysis.moffat.psf_field_and_contour.get_source_pars:12: ERROR: Unexpected indentation.
C:\Users\allis\Documents\2024-2025_Local\Akamai_Internship\nickelpipeline\nickelpipeline\psf_analysis\moffat\psf_field_and_contour.py:docstring of nickelpipeline.psf_analysis.moffat.psf_field_and_contour.param_graph_by_category:1: WARNING: duplicate object description of nickelpipeline.psf_analysis.moffat.psf_field_and_contour.param_graph_by_category, other instance in api/nickelpipeline.psf_analysis.moffat.psf_field_and_contour, use :no-index: for one of them
C:\Users\allis\Documents\2024-2025_Local\Akamai_Internship\nickelpipeline\nickelpipeline\psf_analysis\moffat\psf_field_and_contour.py:docstring of nickelpipeline.psf_analysis.moffat.psf_field_and_contour.param_graph_individuals:1: WARNING: duplicate object description of nickelpipeline.psf_analysis.moffat.psf_field_and_contour.param_graph_individuals, other instance in api/nickelpipeline.psf_analysis.moffat.psf_field_and_contour, use :no-index: for one of them
C:\Users\allis\Documents\2024-2025_Local\Akamai_Internship\nickelpipeline\nickelpipeline\psf_analysis\moffat\psf_field_and_contour.py:docstring of nickelpipeline.psf_analysis.moffat.psf_field_and_contour.single_param_graph:1: WARNING: duplicate object description of nickelpipeline.psf_analysis.moffat.psf_field_and_contour.single_param_graph, other instance in api/nickelpipeline.psf_analysis.moffat.psf_field_and_contour, use :no-index: for one of them
C:\Users\allis\Documents\2024-2025_Local\Akamai_Internship\nickelpipeline\nickelpipeline\psf_analysis\moffat\psf_param_graphs.py:docstring of nickelpipeline.psf_analysis.moffat.psf_param_graphs:1: WARNING: duplicate object description of nickelpipeline.psf_analysis.moffat.psf_param_graphs, other instance in api/nickelpipeline.psf_analysis.moffat.psf_param_graphs, use :no-index: for one of them
C:\Users\allis\Documents\2024-2025_Local\Akamai_Internship\nickelpipeline\nickelpipeline\psf_analysis\moffat\psf_param_graphs.py:docstring of nickelpipeline.psf_analysis.moffat.psf_param_graphs.calc_conf_intervals:1: WARNING: duplicate object description of nickelpipeline.psf_analysis.moffat.psf_param_graphs.calc_conf_intervals, other instance in api/nickelpipeline.psf_analysis.moffat.psf_param_graphs, use :no-index: for one of them
C:\Users\allis\Documents\2024-2025_Local\Akamai_Internship\nickelpipeline\nickelpipeline\psf_analysis\moffat\psf_param_graphs.py:docstring of nickelpipeline.psf_analysis.moffat.psf_param_graphs.extract_psf_par:1: WARNING: duplicate object description of nickelpipeline.psf_analysis.moffat.psf_param_graphs.extract_psf_par, other instance in api/nickelpipeline.psf_analysis.moffat.psf_param_graphs, use :no-index: for one of them
C:\Users\allis\Documents\2024-2025_Local\Akamai_Internship\nickelpipeline\nickelpipeline\psf_analysis\moffat\psf_param_graphs.py:docstring of nickelpipeline.psf_analysis.moffat.psf_param_graphs.extract_psf_single:1: WARNING: duplicate object description of nickelpipeline.psf_analysis.moffat.psf_param_graphs.extract_psf_single, other instance in api/nickelpipeline.psf_analysis.moffat.psf_param_graphs, use :no-index: for one of them
C:\Users\allis\Documents\2024-2025_Local\Akamai_Internship\nickelpipeline\nickelpipeline\psf_analysis\moffat\psf_param_graphs.py:docstring of nickelpipeline.psf_analysis.moffat.psf_param_graphs.graph_psf_pars_bulk:1: WARNING: duplicate object description of nickelpipeline.psf_analysis.moffat.psf_param_graphs.graph_psf_pars_bulk, other instance in api/nickelpipeline.psf_analysis.moffat.psf_param_graphs, use :no-index: for one of them
C:\Users\allis\Documents\2024-2025_Local\Akamai_Internship\nickelpipeline\nickelpipeline\psf_analysis\moffat\psf_param_graphs.py:docstring of nickelpipeline.psf_analysis.moffat.psf_param_graphs.graph_psf_pars_individuals:1: WARNING: duplicate object description of nickelpipeline.psf_analysis.moffat.psf_param_graphs.graph_psf_pars_individuals, other instance in api/nickelpipeline.psf_analysis.moffat.psf_param_graphs, use :no-index: for one of them
C:\Users\allis\Documents\2024-2025_Local\Akamai_Internship\nickelpipeline\nickelpipeline\psf_analysis\moffat\psf_param_graphs.py:docstring of nickelpipeline.psf_analysis.moffat.psf_param_graphs.graph_psf_pars_many:1: WARNING: duplicate object description of nickelpipeline.psf_analysis.moffat.psf_param_graphs.graph_psf_pars_many, other instance in api/nickelpipeline.psf_analysis.moffat.psf_param_graphs, use :no-index: for one of them
C:\Users\allis\Documents\2024-2025_Local\Akamai_Internship\nickelpipeline\nickelpipeline\psf_analysis\moffat\psf_param_graphs.py:docstring of nickelpipeline.psf_analysis.moffat.psf_param_graphs.plot_graph:1: WARNING: duplicate object description of nickelpipeline.psf_analysis.moffat.psf_param_graphs.plot_graph, other instance in api/nickelpipeline.psf_analysis.moffat.psf_param_graphs, use :no-index: for one of them
C:\Users\allis\Documents\2024-2025_Local\Akamai_Internship\nickelpipeline\nickelpipeline\psf_analysis\moffat\stamps.py:docstring of nickelpipeline.psf_analysis.moffat.stamps:1: WARNING: duplicate object description of nickelpipeline.psf_analysis.moffat.stamps, other instance in api/nickelpipeline.psf_analysis.moffat.stamps, use :no-index: for one of them
C:\Users\allis\Documents\2024-2025_Local\Akamai_Internship\nickelpipeline\nickelpipeline\psf_analysis\moffat\stamps.py:docstring of nickelpipeline.psf_analysis.moffat.stamps.generate_stamps_bulk:1: WARNING: duplicate object description of nickelpipeline.psf_analysis.moffat.stamps.generate_stamps_bulk, other instance in api/nickelpipeline.psf_analysis.moffat.stamps, use :no-index: for one of them
C:\Users\allis\Documents\2024-2025_Local\Akamai_Internship\nickelpipeline\nickelpipeline\psf_analysis\moffat\stamps.py:docstring of nickelpipeline.psf_analysis.moffat.stamps.main:1: WARNING: duplicate object description of nickelpipeline.psf_analysis.moffat.stamps.main, other instance in api/nickelpipeline.psf_analysis.moffat.stamps, use :no-index: for one of them
C:\Users\allis\Documents\2024-2025_Local\Akamai_Internship\nickelpipeline\nickelpipeline\psf_analysis\moffat\stamps.py:docstring of nickelpipeline.psf_analysis.moffat.stamps.show_stamps:1: WARNING: duplicate object description of nickelpipeline.psf_analysis.moffat.stamps.show_stamps, other instance in api/nickelpipeline.psf_analysis.moffat.stamps, use :no-index: for one of them
C:\Users\allis\Documents\2024-2025_Local\Akamai_Internship\nickelpipeline\nickelpipeline\reduction\__init__.py:docstring of nickelpipeline.reduction:1: WARNING: duplicate object description of nickelpipeline.reduction, other instance in api/nickelpipeline.reduction, use :no-index: for one of them
C:\Users\allis\Documents\2024-2025_Local\Akamai_Internship\nickelpipeline\nickelpipeline\reduction\bias_subtraction.py:docstring of nickelpipeline.reduction.bias_subtraction:1: WARNING: duplicate object description of nickelpipeline.reduction.bias_subtraction, other instance in api/nickelpipeline.reduction.bias_subtraction, use :no-index: for one of them
C:\Users\allis\Documents\2024-2025_Local\Akamai_Internship\nickelpipeline\nickelpipeline\reduction\bias_subtraction.py:docstring of nickelpipeline.reduction.bias_subtraction.bias_subtraction:1: WARNING: duplicate object description of nickelpipeline.reduction.bias_subtraction.bias_subtraction, other instance in api/nickelpipeline.reduction.bias_subtraction, use :no-index: for one of them
C:\Users\allis\Documents\2024-2025_Local\Akamai_Internship\nickelpipeline\nickelpipeline\reduction\correct_object_name.py:docstring of nickelpipeline.reduction.correct_object_name:1: WARNING: duplicate object description of nickelpipeline.reduction.correct_object_name, other instance in api/nickelpipeline.reduction.correct_object_name, use :no-index: for one of them
C:\Users\allis\Documents\2024-2025_Local\Akamai_Internship\nickelpipeline\nickelpipeline\reduction\correct_object_name.py:docstring of nickelpipeline.reduction.correct_object_name.correct_object_name:1: WARNING: duplicate object description of nickelpipeline.reduction.correct_object_name.correct_object_name, other instance in api/nickelpipeline.reduction.correct_object_name, use :no-index: for one of them
C:\Users\allis\Documents\2024-2025_Local\Akamai_Internship\nickelpipeline\nickelpipeline\reduction\dark_subtraction.py:docstring of nickelpipeline.reduction.dark_subtraction:1: WARNING: duplicate object description of nickelpipeline.reduction.dark_subtraction, other instance in api/nickelpipeline.reduction.dark_subtraction, use :no-index: for one of them
C:\Users\allis\Documents\2024-2025_Local\Akamai_Internship\nickelpipeline\nickelpipeline\reduction\dark_subtraction.py:docstring of nickelpipeline.reduction.dark_subtraction.dark_subtraction:1: WARNING: duplicate object description of nickelpipeline.reduction.dark_subtraction.dark_subtraction, other instance in api/nickelpipeline.reduction.dark_subtraction, use :no-index: for one of them
C:\Users\allis\Documents\2024-2025_Local\Akamai_Internship\nickelpipeline\nickelpipeline\reduction\flat_division.py:docstring of nickelpipeline.reduction.flat_division:1: WARNING: duplicate object description of nickelpipeline.reduction.flat_division, other instance in api/nickelpipeline.reduction.flat_division, use :no-index: for one of them
C:\Users\allis\Documents\2024-2025_Local\Akamai_Internship\nickelpipeline\nickelpipeline\reduction\flat_division.py:docstring of nickelpipeline.reduction.flat_division.flat_division:1: WARNING: duplicate object description of nickelpipeline.reduction.flat_division.flat_division, other instance in api/nickelpipeline.reduction.flat_division, use :no-index: for one of them
C:\Users\allis\Documents\2024-2025_Local\Akamai_Internship\nickelpipeline\nickelpipeline\reduction\overscan_subtraction.py:docstring of nickelpipeline.reduction.overscan_subtraction:1: WARNING: duplicate object description of nickelpipeline.reduction.overscan_subtraction, other instance in api/nickelpipeline.reduction.overscan_subtraction, use :no-index: for one of them
C:\Users\allis\Documents\2024-2025_Local\Akamai_Internship\nickelpipeline\nickelpipeline\reduction\overscan_subtraction.py:docstring of nickelpipeline.reduction.overscan_subtraction.overscan_subtraction:1: WARNING: duplicate object description of nickelpipeline.reduction.overscan_subtraction.overscan_subtraction, other instance in api/nickelpipeline.reduction.overscan_subtraction, use :no-index: for one of them
C:\Users\allis\Documents\2024-2025_Local\Akamai_Internship\nickelpipeline\nickelpipeline\reduction\reduction_pipeline.py:docstring of nickelpipeline.reduction.reduction_pipeline:1: WARNING: duplicate object description of nickelpipeline.reduction.reduction_pipeline, other instance in api/nickelpipeline.reduction.reduction_pipeline, use :no-index: for one of them
C:\Users\allis\Documents\2024-2025_Local\Akamai_Internship\nickelpipeline\nickelpipeline\reduction\reduction_pipeline.py:docstring of nickelpipeline.reduction.reduction_pipeline.norm_str:1: WARNING: duplicate object description of nickelpipeline.reduction.reduction_pipeline.norm_str, other instance in api/nickelpipeline.reduction.reduction_pipeline, use :no-index: for one of them
C:\Users\allis\Documents\2024-2025_Local\Akamai_Internship\nickelpipeline\nickelpipeline\reduction\reduction_pipeline.py:docstring of nickelpipeline.reduction.reduction_pipeline.reduce_all:1: WARNING: duplicate object description of nickelpipeline.reduction.reduction_pipeline.reduce_all, other instance in api/nickelpipeline.reduction.reduction_pipeline, use :no-index: for one of them
C:\Users\allis\Documents\2024-2025_Local\Akamai_Internship\nickelpipeline\nickelpipeline\reduction\reduction_split.py:docstring of nickelpipeline.reduction.reduction_split:1: WARNING: duplicate object description of nickelpipeline.reduction.reduction_split, other instance in api/nickelpipeline.reduction.reduction_split, use :no-index: for one of them
C:\Users\allis\Documents\2024-2025_Local\Akamai_Internship\nickelpipeline\nickelpipeline\reduction\reduction_split.py:docstring of nickelpipeline.reduction.reduction_split.generate_reduction_files:1: WARNING: duplicate object description of nickelpipeline.reduction.reduction_split.generate_reduction_files, other instance in api/nickelpipeline.reduction.reduction_split, use :no-index: for one of them
C:\Users\allis\Documents\2024-2025_Local\Akamai_Internship\nickelpipeline\nickelpipeline\reduction\reduction_split.py:docstring of nickelpipeline.reduction.reduction_split.process_multiple:1: WARNING: duplicate object description of nickelpipeline.reduction.reduction_split.process_multiple, other instance in api/nickelpipeline.reduction.reduction_split, use :no-index: for one of them
C:\Users\allis\Documents\2024-2025_Local\Akamai_Internship\nickelpipeline\nickelpipeline\reduction\reduction_split.py:docstring of nickelpipeline.reduction.reduction_split.process_single:1: WARNING: duplicate object description of nickelpipeline.reduction.reduction_split.process_single, other instance in api/nickelpipeline.reduction.reduction_split, use :no-index: for one of them
C:\Users\allis\Documents\2024-2025_Local\Akamai_Internship\nickelpipeline\docs\api_alt/modules.rst: WARNING: document isn't included in any toctree
